#
# There is insufficient memory for the Java Runtime Environment to continue.
# Native memory allocation (malloc) failed to allocate 921696 bytes for Chunk::new
# Possible reasons:
#   The system is out of physical RAM or swap space
#   The process is running with CompressedOops enabled, and the Java Heap may be blocking the growth of the native heap
# Possible solutions:
#   Reduce memory load on the system
#   Increase physical memory or swap space
#   Check if swap backing store is full
#   Decrease Java heap size (-Xmx/-Xms)
#   Decrease number of Java threads
#   Decrease Java thread stack sizes (-Xss)
#   Set larger code cache with -XX:ReservedCodeCacheSize=
#   JVM is running with Unscaled Compressed Oops mode in which the Java heap is
#     placed in the first 4GB address space. The Java Heap base address is the
#     maximum limit for the native heap growth. Please use -XX:HeapBaseMinAddress
#     to set the Java Heap base and to place the Java Heap above 4GB virtual address.
# This output file may be truncated or incomplete.
#
#  Out of Memory Error (allocation.cpp:389), pid=12148, tid=0x0000000000005018
#
# JRE version: OpenJDK Runtime Environment (8.0_242-b01) (build 1.8.0_242-release-1644-b01)
# Java VM: OpenJDK 64-Bit Server VM (25.242-b01 mixed mode windows-amd64 compressed oops)
# Failed to write core dump. Minidumps are not enabled by default on client versions of Windows
#

---------------  T H R E A D  ---------------

Current thread (0x00000000196a4000):  JavaThread "C2 CompilerThread0" daemon [_thread_in_native, id=20504, stack(0x000000001ad20000,0x000000001ae20000)]

Stack: [0x000000001ad20000,0x000000001ae20000]
[error occurred during error reporting (printing stack bounds), id 0xc0000005]

Native frames: (J=compiled Java code, j=interpreted, Vv=VM code, C=native code)


Current CompileTask:
C2:   4108 2933       4       org.jetbrains.kotlin.parsing.SemanticWhitespaceAwarePsiBuilderImpl::advanceLexer (56 bytes)


---------------  P R O C E S S  ---------------

Java Threads: ( => current thread )
  0x0000000019736800 JavaThread "Service Thread" daemon [_thread_blocked, id=19236, stack(0x000000001b120000,0x000000001b220000)]
  0x00000000196b4800 JavaThread "C1 CompilerThread3" daemon [_thread_blocked, id=10376, stack(0x000000001b020000,0x000000001b120000)]
  0x00000000196b3800 JavaThread "C2 CompilerThread2" daemon [_thread_blocked, id=8944, stack(0x000000001af20000,0x000000001b020000)]
  0x00000000196af000 JavaThread "C2 CompilerThread1" daemon [_thread_blocked, id=16008, stack(0x000000001ae20000,0x000000001af20000)]
=>0x00000000196a4000 JavaThread "C2 CompilerThread0" daemon [_thread_in_native, id=20504, stack(0x000000001ad20000,0x000000001ae20000)]
  0x00000000196a2000 JavaThread "Attach Listener" daemon [_thread_blocked, id=16076, stack(0x000000001ac20000,0x000000001ad20000)]
  0x0000000017fbd800 JavaThread "Signal Dispatcher" daemon [_thread_blocked, id=7368, stack(0x000000001ab20000,0x000000001ac20000)]
  0x0000000017fb2000 JavaThread "Finalizer" daemon [_thread_blocked, id=16304, stack(0x000000001a920000,0x000000001aa20000)]
  0x0000000019693000 JavaThread "Reference Handler" daemon [_thread_blocked, id=14132, stack(0x000000001a820000,0x000000001a920000)]
  0x0000000002bbe800 JavaThread "main" [_thread_in_Java, id=14740, stack(0x0000000002cb0000,0x0000000002db0000)]

Other Threads:
  0x0000000017fa5800 VMThread [stack: 0x000000001a720000,0x000000001a820000] [id=21300]
  0x0000000019741000 WatcherThread [stack: 0x000000001b220000,0x000000001b320000] [id=11252]

VM state:not at safepoint (normal execution)

VM Mutex/Monitor currently owned by a thread: None

heap address: 0x0000000082600000, size: 2010 MB, Compressed Oops mode: 32-bit
Narrow klass base: 0x0000000000000000, Narrow klass shift: 3
Compressed class space size: 1073741824 Address: 0x0000000100000000

Heap:
 PSYoungGen      total 70656K, used 15393K [0x00000000d6200000, 0x00000000dac00000, 0x0000000100000000)
  eden space 65536K, 23% used [0x00000000d6200000,0x00000000d7108690,0x00000000da200000)
  from space 5120K, 0% used [0x00000000da200000,0x00000000da200000,0x00000000da700000)
  to   space 5120K, 0% used [0x00000000da700000,0x00000000da700000,0x00000000dac00000)
 ParOldGen       total 93696K, used 37679K [0x0000000082600000, 0x0000000088180000, 0x00000000d6200000)
  object space 93696K, 40% used [0x0000000082600000,0x0000000084acbc78,0x0000000088180000)
 Metaspace       used 37047K, capacity 37696K, committed 38104K, reserved 1083392K
  class space    used 4594K, capacity 4744K, committed 4864K, reserved 1048576K

Card table byte_map: [0x0000000012270000,0x0000000012660000] byte_map_base: 0x0000000011e5d000

Marking Bits: (ParMarkBitMap*) 0x000000005823f030
 Begin Bits: [0x0000000013300000, 0x0000000015268000)
 End Bits:   [0x0000000015268000, 0x00000000171d0000)

Polling page: 0x0000000002af0000

CodeCache: size=245760Kb used=9186Kb max_used=9200Kb free=236573Kb
 bounds [0x0000000002eb0000, 0x00000000037c0000, 0x0000000011eb0000]
 total_blobs=3421 nmethods=2943 adapters=390
 compilation: disabled (not enough contiguous free space left)

Compilation events (10 events):
Event: 4.061 Thread 0x00000000196b4800 2954       3       gnu.trove.TIntHash::insertionIndex (223 bytes)
Event: 4.063 Thread 0x00000000196b4800 nmethod 2954 0x00000000037aced0 code [0x00000000037ad100, 0x00000000037ade48]
Event: 4.063 Thread 0x00000000196b4800 2953       3       org.jetbrains.kotlin.com.intellij.lang.impl.MarkerOptionalData::markAsHavingOptionalData (6 bytes)
Event: 4.063 Thread 0x00000000196b4800 nmethod 2953 0x00000000037acad0 code [0x00000000037acc40, 0x00000000037ace48]
Event: 4.063 Thread 0x00000000196b4800 2955       3       org.jetbrains.kotlin.com.intellij.lang.impl.PsiBuilderImpl$RelativeTokenTypesView::get (6 bytes)
Event: 4.064 Thread 0x00000000196b4800 nmethod 2955 0x00000000037af950 code [0x00000000037afac0, 0x00000000037afd30]
Event: 4.064 Thread 0x00000000196b4800 2956       3       org.jetbrains.kotlin.com.intellij.lang.impl.PsiBuilderImpl$RelativeTokenTypesView::get (15 bytes)
Event: 4.067 Thread 0x00000000196b4800 

Event: 4.067 Thread 0x00000000196b3800 

Event: 4.079 Thread 0x00000000196af000 


GC Heap History (10 events):
Event: 1.700 GC heap before
{Heap before GC invocations=3 (full 0):
 PSYoungGen      total 70656K, used 38641K [0x00000000d6200000, 0x00000000dac00000, 0x0000000100000000)
  eden space 65536K, 51% used [0x00000000d6200000,0x00000000d82c30a0,0x00000000da200000)
  from space 5120K, 99% used [0x00000000da700000,0x00000000dabf93b8,0x00000000dac00000)
  to   space 5120K, 0% used [0x00000000da200000,0x00000000da200000,0x00000000da700000)
 ParOldGen       total 86016K, used 7179K [0x0000000082600000, 0x0000000087a00000, 0x00000000d6200000)
  object space 86016K, 8% used [0x0000000082600000,0x0000000082d02e98,0x0000000087a00000)
 Metaspace       used 20655K, capacity 21082K, committed 21248K, reserved 1069056K
  class space    used 2357K, capacity 2491K, committed 2560K, reserved 1048576K
Event: 1.714 GC heap after
Heap after GC invocations=3 (full 0):
 PSYoungGen      total 70656K, used 5109K [0x00000000d6200000, 0x00000000dac00000, 0x0000000100000000)
  eden space 65536K, 0% used [0x00000000d6200000,0x00000000d6200000,0x00000000da200000)
  from space 5120K, 99% used [0x00000000da200000,0x00000000da6fd790,0x00000000da700000)
  to   space 5120K, 0% used [0x00000000da700000,0x00000000da700000,0x00000000dac00000)
 ParOldGen       total 86016K, used 24574K [0x0000000082600000, 0x0000000087a00000, 0x00000000d6200000)
  object space 86016K, 28% used [0x0000000082600000,0x0000000083dffa40,0x0000000087a00000)
 Metaspace       used 20655K, capacity 21082K, committed 21248K, reserved 1069056K
  class space    used 2357K, capacity 2491K, committed 2560K, reserved 1048576K
}
Event: 1.714 GC heap before
{Heap before GC invocations=4 (full 1):
 PSYoungGen      total 70656K, used 5109K [0x00000000d6200000, 0x00000000dac00000, 0x0000000100000000)
  eden space 65536K, 0% used [0x00000000d6200000,0x00000000d6200000,0x00000000da200000)
  from space 5120K, 99% used [0x00000000da200000,0x00000000da6fd790,0x00000000da700000)
  to   space 5120K, 0% used [0x00000000da700000,0x00000000da700000,0x00000000dac00000)
 ParOldGen       total 86016K, used 24574K [0x0000000082600000, 0x0000000087a00000, 0x00000000d6200000)
  object space 86016K, 28% used [0x0000000082600000,0x0000000083dffa40,0x0000000087a00000)
 Metaspace       used 20655K, capacity 21082K, committed 21248K, reserved 1069056K
  class space    used 2357K, capacity 2491K, committed 2560K, reserved 1048576K
Event: 1.769 GC heap after
Heap after GC invocations=4 (full 1):
 PSYoungGen      total 70656K, used 0K [0x00000000d6200000, 0x00000000dac00000, 0x0000000100000000)
  eden space 65536K, 0% used [0x00000000d6200000,0x00000000d6200000,0x00000000da200000)
  from space 5120K, 0% used [0x00000000da200000,0x00000000da200000,0x00000000da700000)
  to   space 5120K, 0% used [0x00000000da700000,0x00000000da700000,0x00000000dac00000)
 ParOldGen       total 93696K, used 22322K [0x0000000082600000, 0x0000000088180000, 0x00000000d6200000)
  object space 93696K, 23% used [0x0000000082600000,0x0000000083bcc938,0x0000000088180000)
 Metaspace       used 20655K, capacity 21082K, committed 21248K, reserved 1069056K
  class space    used 2357K, capacity 2491K, committed 2560K, reserved 1048576K
}
Event: 3.089 GC heap before
{Heap before GC invocations=5 (full 1):
 PSYoungGen      total 70656K, used 65536K [0x00000000d6200000, 0x00000000dac00000, 0x0000000100000000)
  eden space 65536K, 100% used [0x00000000d6200000,0x00000000da200000,0x00000000da200000)
  from space 5120K, 0% used [0x00000000da200000,0x00000000da200000,0x00000000da700000)
  to   space 5120K, 0% used [0x00000000da700000,0x00000000da700000,0x00000000dac00000)
 ParOldGen       total 93696K, used 22322K [0x0000000082600000, 0x0000000088180000, 0x00000000d6200000)
  object space 93696K, 23% used [0x0000000082600000,0x0000000083bcc938,0x0000000088180000)
 Metaspace       used 28395K, capacity 28976K, committed 29440K, reserved 1075200K
  class space    used 3563K, capacity 3732K, committed 3840K, reserved 1048576K
Event: 3.104 GC heap after
Heap after GC invocations=5 (full 1):
 PSYoungGen      total 70656K, used 5111K [0x00000000d6200000, 0x00000000dac00000, 0x0000000100000000)
  eden space 65536K, 0% used [0x00000000d6200000,0x00000000d6200000,0x00000000da200000)
  from space 5120K, 99% used [0x00000000da700000,0x00000000dabfdc80,0x00000000dac00000)
  to   space 5120K, 0% used [0x00000000da200000,0x00000000da200000,0x00000000da700000)
 ParOldGen       total 93696K, used 30890K [0x0000000082600000, 0x0000000088180000, 0x00000000d6200000)
  object space 93696K, 32% used [0x0000000082600000,0x000000008442a8e8,0x0000000088180000)
 Metaspace       used 28395K, capacity 28976K, committed 29440K, reserved 1075200K
  class space    used 3563K, capacity 3732K, committed 3840K, reserved 1048576K
}
Event: 3.693 GC heap before
{Heap before GC invocations=6 (full 1):
 PSYoungGen      total 70656K, used 47097K [0x00000000d6200000, 0x00000000dac00000, 0x0000000100000000)
  eden space 65536K, 64% used [0x00000000d6200000,0x00000000d8b00930,0x00000000da200000)
  from space 5120K, 99% used [0x00000000da700000,0x00000000dabfdc80,0x00000000dac00000)
  to   space 5120K, 0% used [0x00000000da200000,0x00000000da200000,0x00000000da700000)
 ParOldGen       total 93696K, used 30890K [0x0000000082600000, 0x0000000088180000, 0x00000000d6200000)
  object space 93696K, 32% used [0x0000000082600000,0x000000008442a8e8,0x0000000088180000)
 Metaspace       used 34612K, capacity 35140K, committed 35416K, reserved 1081344K
  class space    used 4311K, capacity 4476K, committed 4480K, reserved 1048576K
Event: 3.707 GC heap after
Heap after GC invocations=6 (full 1):
 PSYoungGen      total 70656K, used 5091K [0x00000000d6200000, 0x00000000dac00000, 0x0000000100000000)
  eden space 65536K, 0% used [0x00000000d6200000,0x00000000d6200000,0x00000000da200000)
  from space 5120K, 99% used [0x00000000da200000,0x00000000da6f8c70,0x00000000da700000)
  to   space 5120K, 0% used [0x00000000da700000,0x00000000da700000,0x00000000dac00000)
 ParOldGen       total 93696K, used 42243K [0x0000000082600000, 0x0000000088180000, 0x00000000d6200000)
  object space 93696K, 45% used [0x0000000082600000,0x0000000084f40cd0,0x0000000088180000)
 Metaspace       used 34612K, capacity 35140K, committed 35416K, reserved 1081344K
  class space    used 4311K, capacity 4476K, committed 4480K, reserved 1048576K
}
Event: 3.707 GC heap before
{Heap before GC invocations=7 (full 2):
 PSYoungGen      total 70656K, used 5091K [0x00000000d6200000, 0x00000000dac00000, 0x0000000100000000)
  eden space 65536K, 0% used [0x00000000d6200000,0x00000000d6200000,0x00000000da200000)
  from space 5120K, 99% used [0x00000000da200000,0x00000000da6f8c70,0x00000000da700000)
  to   space 5120K, 0% used [0x00000000da700000,0x00000000da700000,0x00000000dac00000)
 ParOldGen       total 93696K, used 42243K [0x0000000082600000, 0x0000000088180000, 0x00000000d6200000)
  object space 93696K, 45% used [0x0000000082600000,0x0000000084f40cd0,0x0000000088180000)
 Metaspace       used 34612K, capacity 35140K, committed 35416K, reserved 1081344K
  class space    used 4311K, capacity 4476K, committed 4480K, reserved 1048576K
Event: 3.783 GC heap after
Heap after GC invocations=7 (full 2):
 PSYoungGen      total 70656K, used 0K [0x00000000d6200000, 0x00000000dac00000, 0x0000000100000000)
  eden space 65536K, 0% used [0x00000000d6200000,0x00000000d6200000,0x00000000da200000)
  from space 5120K, 0% used [0x00000000da200000,0x00000000da200000,0x00000000da700000)
  to   space 5120K, 0% used [0x00000000da700000,0x00000000da700000,0x00000000dac00000)
 ParOldGen       total 93696K, used 37679K [0x0000000082600000, 0x0000000088180000, 0x00000000d6200000)
  object space 93696K, 40% used [0x0000000082600000,0x0000000084acbc78,0x0000000088180000)
 Metaspace       used 34612K, capacity 35140K, committed 35416K, reserved 1081344K
  class space    used 4311K, capacity 4476K, committed 4480K, reserved 1048576K
}

Deoptimization events (10 events):
Event: 3.875 Thread 0x0000000002bbe800 Uncommon trap: reason=unstable_if action=reinterpret pc=0x000000000311a198 method=sun.net.www.ParseUtil.encodePath(Ljava/lang/String;Z)Ljava/lang/String; @ 81
Event: 3.977 Thread 0x0000000002bbe800 Uncommon trap: reason=class_check action=maybe_recompile pc=0x000000000352471c method=org.jetbrains.kotlin.com.intellij.openapi.util.text.StringUtil.getLineBreakCount(Ljava/lang/CharSequence;)I @ 15
Event: 3.977 Thread 0x0000000002bbe800 Uncommon trap: reason=class_check action=maybe_recompile pc=0x000000000352471c method=org.jetbrains.kotlin.com.intellij.openapi.util.text.StringUtil.getLineBreakCount(Ljava/lang/CharSequence;)I @ 15
Event: 3.978 Thread 0x0000000002bbe800 Uncommon trap: reason=class_check action=maybe_recompile pc=0x000000000352471c method=org.jetbrains.kotlin.com.intellij.openapi.util.text.StringUtil.getLineBreakCount(Ljava/lang/CharSequence;)I @ 15
Event: 3.978 Thread 0x0000000002bbe800 Uncommon trap: reason=class_check action=maybe_recompile pc=0x000000000352471c method=org.jetbrains.kotlin.com.intellij.openapi.util.text.StringUtil.getLineBreakCount(Ljava/lang/CharSequence;)I @ 15
Event: 4.016 Thread 0x0000000002bbe800 Uncommon trap: reason=unstable_if action=reinterpret pc=0x00000000036f6128 method=org.jetbrains.kotlin.com.intellij.util.text.ImmutableText.charAt(I)C @ 6
Event: 4.025 Thread 0x0000000002bbe800 Uncommon trap: reason=bimorphic action=maybe_recompile pc=0x0000000003659244 method=java.util.HashMap.putVal(ILjava/lang/Object;Ljava/lang/Object;ZZ)Ljava/lang/Object; @ 203
Event: 4.025 Thread 0x0000000002bbe800 Uncommon trap: reason=unstable_if action=reinterpret pc=0x00000000036f662c method=org.jetbrains.kotlin.com.intellij.util.text.ImmutableText.charAt(I)C @ 6
Event: 4.036 Thread 0x0000000002bbe800 Uncommon trap: reason=unstable_if action=reinterpret pc=0x0000000003779b70 method=org.jetbrains.kotlin.com.intellij.lang.impl.PsiBuilderImpl.skipWhitespace()V @ 51
Event: 4.055 Thread 0x0000000002bbe800 Uncommon trap: reason=predicate action=maybe_recompile pc=0x000000000351c2ac method=org.jetbrains.kotlin.com.intellij.openapi.util.text.StringUtil.getLineBreakCount(Ljava/lang/CharSequence;)I @ 13

Classes redefined (0 events):
No events

Internal exceptions (10 events):
Event: 1.893 Thread 0x0000000002bbe800 Exception <a 'java/lang/NoSuchMethodError': java.lang.Object.lambda$static$0(I)[Lorg/jetbrains/kotlin/com/intellij/psi/PsiElement;> (0x00000000d68f36f8) thrown at [C:\src\AOSP-openjdk-git\hotspot\src\share\vm\interpreter\linkResolver.cpp, line 620]
Event: 1.936 Thread 0x0000000002bbe800 Exception <a 'java/lang/NoSuchMethodError': java.lang.Object.lambda$comparing$77a9974f$1(Ljava/util/function/Function;Ljava/lang/Object;Ljava/lang/Object;)I> (0x00000000d6abe2b8) thrown at [C:\src\AOSP-openjdk-git\hotspot\src\share\vm\interpreter\linkReso
Event: 2.525 Thread 0x0000000002bbe800 Implicit null exception at 0x00000000032e6e54 to 0x00000000032e709d
Event: 2.526 Thread 0x0000000002bbe800 Implicit null exception at 0x00000000032db37b to 0x00000000032db9d5
Event: 2.527 Thread 0x0000000002bbe800 Implicit null exception at 0x000000000316a2af to 0x000000000316a319
Event: 3.315 Thread 0x0000000002bbe800 Exception <a 'java/lang/ArrayIndexOutOfBoundsException': 126> (0x00000000d6ebdd18) thrown at [C:\src\AOSP-openjdk-git\hotspot\src\share\vm\interpreter\interpreterRuntime.cpp, line 368]
Event: 3.315 Thread 0x0000000002bbe800 Exception <a 'java/lang/ArrayIndexOutOfBoundsException': 86> (0x00000000d6ebf1a0) thrown at [C:\src\AOSP-openjdk-git\hotspot\src\share\vm\interpreter\interpreterRuntime.cpp, line 368]
Event: 3.994 Thread 0x0000000002bbe800 Exception <a 'java/lang/NoSuchMethodError': java.lang.Object.lambda$static$0(I)[Lorg/jetbrains/kotlin/psi/KtExpression;> (0x00000000d6b1e078) thrown at [C:\src\AOSP-openjdk-git\hotspot\src\share\vm\interpreter\linkResolver.cpp, line 620]
Event: 4.016 Thread 0x0000000002bbe800 Implicit null exception at 0x00000000036f5ffd to 0x00000000036f610d
Event: 4.025 Thread 0x0000000002bbe800 Implicit null exception at 0x00000000036f6550 to 0x00000000036f6615

Events (10 events):
Event: 4.056 Thread 0x0000000002bbe800 DEOPT PACKING pc=0x000000000351c2ac sp=0x0000000002dac6e0
Event: 4.056 Thread 0x0000000002bbe800 DEOPT UNPACKING pc=0x0000000002ef557b sp=0x0000000002dac698 mode 2
Event: 4.074 loading class org/jetbrains/kotlin/kdoc/psi/impl/KDocImpl
Event: 4.074 loading class org/jetbrains/kotlin/kdoc/psi/impl/KDocImpl done
Event: 4.074 loading class org/jetbrains/kotlin/kdoc/psi/api/KDoc
Event: 4.074 loading class org/jetbrains/kotlin/kdoc/psi/api/KDoc done
Event: 4.074 loading class org/jetbrains/kotlin/com/intellij/psi/PsiDocCommentBase
Event: 4.074 loading class org/jetbrains/kotlin/com/intellij/psi/PsiDocCommentBase done
Event: 4.075 loading class org/jetbrains/kotlin/kdoc/psi/api/KDocElement
Event: 4.075 loading class org/jetbrains/kotlin/kdoc/psi/api/KDocElement done


Dynamic libraries:
0x00007ff72fde0000 - 0x00007ff72fe11000 	D:\Android\jre\jre\bin\java.exe
0x00007ffc019f0000 - 0x00007ffc01be6000 	C:\WINDOWS\SYSTEM32\ntdll.dll
0x00007ffbfffe0000 - 0x00007ffc0009d000 	C:\WINDOWS\System32\KERNEL32.DLL
0x00007ffbff210000 - 0x00007ffbff4d9000 	C:\WINDOWS\System32\KERNELBASE.dll
0x00007ffc000a0000 - 0x00007ffc0014c000 	C:\WINDOWS\System32\ADVAPI32.dll
0x00007ffc004d0000 - 0x00007ffc0056e000 	C:\WINDOWS\System32\msvcrt.dll
0x00007ffc00890000 - 0x00007ffc0092c000 	C:\WINDOWS\System32\sechost.dll
0x00007ffc00620000 - 0x00007ffc0074b000 	C:\WINDOWS\System32\RPCRT4.dll
0x00007ffc01600000 - 0x00007ffc017a0000 	C:\WINDOWS\System32\USER32.dll
0x00007ffbff5f0000 - 0x00007ffbff612000 	C:\WINDOWS\System32\win32u.dll
0x00007ffc014b0000 - 0x00007ffc014da000 	C:\WINDOWS\System32\GDI32.dll
0x00007ffbff4e0000 - 0x00007ffbff5eb000 	C:\WINDOWS\System32\gdi32full.dll
0x00007ffbff7f0000 - 0x00007ffbff88d000 	C:\WINDOWS\System32\msvcp_win.dll
0x00007ffbff620000 - 0x00007ffbff720000 	C:\WINDOWS\System32\ucrtbase.dll
0x00007ffbee680000 - 0x00007ffbee91b000 	C:\WINDOWS\WinSxS\amd64_microsoft.windows.common-controls_6595b64144ccf1df_6.0.19041.746_none_ca02b4b61b8320a4\COMCTL32.dll
0x00007ffbfff20000 - 0x00007ffbfff50000 	C:\WINDOWS\System32\IMM32.DLL
0x0000000056f20000 - 0x0000000056ff2000 	D:\Android\jre\jre\bin\msvcr100.dll
0x0000000057a70000 - 0x00000000582bb000 	D:\Android\jre\jre\bin\server\jvm.dll
0x00007ffc00150000 - 0x00007ffc00158000 	C:\WINDOWS\System32\PSAPI.DLL
0x00007ffbf0420000 - 0x00007ffbf0429000 	C:\WINDOWS\SYSTEM32\WSOCK32.dll
0x00007ffbf5850000 - 0x00007ffbf5877000 	C:\WINDOWS\SYSTEM32\WINMM.dll
0x00007ffbfa7d0000 - 0x00007ffbfa7da000 	C:\WINDOWS\SYSTEM32\VERSION.dll
0x00007ffc00a00000 - 0x00007ffc00a6b000 	C:\WINDOWS\System32\WS2_32.dll
0x00007ffbf6dd0000 - 0x00007ffbf6ddf000 	D:\Android\jre\jre\bin\verify.dll
0x00007ffbce870000 - 0x00007ffbce899000 	D:\Android\jre\jre\bin\java.dll
0x00007ffbd44a0000 - 0x00007ffbd44b6000 	D:\Android\jre\jre\bin\zip.dll
0x00007ffc00d00000 - 0x00007ffc01442000 	C:\WINDOWS\System32\SHELL32.dll
0x00007ffbfd280000 - 0x00007ffbfda10000 	C:\WINDOWS\SYSTEM32\windows.storage.dll
0x00007ffc00160000 - 0x00007ffc004b6000 	C:\WINDOWS\System32\combase.dll
0x00007ffbfeb90000 - 0x00007ffbfebbc000 	C:\WINDOWS\SYSTEM32\Wldp.dll
0x00007ffc017a0000 - 0x00007ffc0184e000 	C:\WINDOWS\System32\SHCORE.dll
0x00007ffc00a70000 - 0x00007ffc00ac5000 	C:\WINDOWS\System32\shlwapi.dll
0x00007ffbff060000 - 0x00007ffbff086000 	C:\WINDOWS\SYSTEM32\profapi.dll
0x00007ffbe1850000 - 0x00007ffbe186a000 	D:\Android\jre\jre\bin\net.dll
0x00007ffbfe8a0000 - 0x00007ffbfe90a000 	C:\WINDOWS\system32\mswsock.dll
0x00007ffbd2410000 - 0x00007ffbd2423000 	D:\Android\jre\jre\bin\nio.dll

VM Arguments:
java_command: org.jetbrains.kotlin.cli.jvm.K2JVMCompiler @C:\Users\sp771\AndroidStudioProjects\Notice-Board\app\build\20210310_3522450081297899338.compiler.options
java_class_path (initial): C:\Users\sp771\.gradle\native\gradle-6.5\caches\modules-2\files-2.1\org.jetbrains.kotlin\kotlin-compiler-embeddable\1.4.30\320bc62a2dfa19a24bc1613894ae0eabc909052c\kotlin-compiler-embeddable-1.4.30.jar;C:\Users\sp771\.gradle\native\gradle-6.5\caches\modules-2\files-2.1\org.jetbrains.kotlin\kotlin-reflect\1.4.30\a9116fbe28a0514671787df95133f28e65fdac25\kotlin-reflect-1.4.30.jar;C:\Users\sp771\.gradle\native\gradle-6.5\caches\modules-2\files-2.1\org.jetbrains.kotlin\kotlin-stdlib\1.4.30\d10d1e10f47006ee08162dde039e38ac487de4ac\kotlin-stdlib-1.4.30.jar;C:\Users\sp771\.gradle\native\gradle-6.5\caches\modules-2\files-2.1\org.jetbrains.kotlin\kotlin-script-runtime\1.4.30\b9c2a1fab9217623fc0fbadf6190e77eed6f054d\kotlin-script-runtime-1.4.30.jar;C:\Users\sp771\.gradle\native\gradle-6.5\caches\modules-2\files-2.1\org.jetbrains.kotlin\kotlin-daemon-embeddable\1.4.30\bc024798c5378570ded42ffe3db82ca8ac86dabc\kotlin-daemon-embeddable-1.4.30.jar;C:\Users\sp771\.gradle\native\gradle-6.5\caches\modules-2\files-2.1\org.jetbrains.intellij.deps\trove4j\1.0.20181211\216c2e14b070f334479d800987affe4054cd563f\trove4j-1.0.20181211.jar;C:\Users\sp771\.gradle\native\gradle-6.5\caches\modules-2\files-2.1\org.jetbrains.kotlin\kotlin-stdlib-common\1.4.30\bb9a3173350f55732416ee27956ea8f9b81f4dbb\kotlin-stdlib-common-1.4.30.jar;C:\Users\sp771\.gradle\native\gradle-6.5\caches\modules-2\files-2.1\org.jetbrains\annotations\13.0\919f0dfe192fb4e063e7dacadee7f8bb9a2672a9\annotations-13.0.jar;D:\Android\jre\lib\tools.jar
Launcher Type: SUN_STANDARD

Environment Variables:
PATH=C:\Program Files (x86)\Common Files\Intel\Shared Libraries\redist\intel64\compiler;C:\Program Files (x86)\Intel\Intel(R) Management Engine Components\iCLS\;C:\Program Files\Intel\Intel(R) Management Engine Components\iCLS\;C:\Windows\system32;C:\Windows;C:\Windows\System32\Wbem;C:\Windows\System32\WindowsPowerShell\v1.0\;C:\Program Files (x86)\Intel\Intel(R) Management Engine Components\DAL;C:\Program Files\Intel\Intel(R) Management Engine Components\DAL;C:\Program Files (x86)\Intel\Intel(R) Management Engine Components\IPT;C:\Program Files\Intel\Intel(R) Management Engine Components\IPT;C:\Program Files (x86)\NVIDIA Corporation\PhysX\Common;C:\Program Files\Intel\WiFi\bin\;C:\Program Files\Common Files\Intel\WirelessCommon\;C:\WINDOWS\system32;C:\WINDOWS;C:\WINDOWS\System32\Wbem;C:\WINDOWS\System32\WindowsPowerShell\v1.0\;C:\WINDOWS\System32\OpenSSH\;C:\Program Files\NVIDIA Corporation\NVIDIA NvDLISR;C:\Program Files (x86)\Microsoft SQL Server\100\Tools\Binn\;C:\Program Files\Microsoft SQL Server\100\Tools\Binn\;C:\Program Files\Microsoft SQL Server\100\DTS\Binn\;D:\Git\cmd;C:\Users\sp771\AppData\Local\Microsoft\WindowsApps;
USERNAME=sp771
OS=Windows_NT
PROCESSOR_IDENTIFIER=Intel64 Family 6 Model 158 Stepping 10, GenuineIntel



---------------  S Y S T E M  ---------------

OS: Windows 10.0 , 64 bit Build 19041 (10.0.19041.804)

CPU:total 12 (initial active 12) (6 cores per cpu, 2 threads per core) family 6 model 158 stepping 10, cmov, cx8, fxsr, mmx, sse, sse2, sse3, ssse3, sse4.1, sse4.2, popcnt, avx, avx2, aes, clmul, erms, 3dnowpref, lzcnt, ht, tsc, tscinvbit, bmi1, bmi2, adx

Memory: 4k page, physical 8227124k(431216k free), swap 23709360k(5160k free)

vm_info: OpenJDK 64-Bit Server VM (25.242-b01) for windows-amd64 JRE (1.8.0_242-release-1644-b01), built by "builder" with MS VC++ 10.0 (VS2010)

time: Wed Mar 10 08:31:07 2021
timezone: India Standard Time
elapsed time: 4 seconds (0d 0h 0m 4s)

