#
# There is insufficient memory for the Java Runtime Environment to continue.
# Native memory allocation (malloc) failed to allocate 32744 bytes for ChunkPool::allocate
# Possible reasons:
#   The system is out of physical RAM or swap space
#   The process is running with CompressedOops enabled, and the Java Heap may be blocking the growth of the native heap
# Possible solutions:
#   Reduce memory load on the system
#   Increase physical memory or swap space
#   Check if swap backing store is full
#   Decrease Java heap size (-Xmx/-Xms)
#   Decrease number of Java threads
#   Decrease Java thread stack sizes (-Xss)
#   Set larger code cache with -XX:ReservedCodeCacheSize=
#   JVM is running with Unscaled Compressed Oops mode in which the Java heap is
#     placed in the first 4GB address space. The Java Heap base address is the
#     maximum limit for the native heap growth. Please use -XX:HeapBaseMinAddress
#     to set the Java Heap base and to place the Java Heap above 4GB virtual address.
# This output file may be truncated or incomplete.
#
#  Out of Memory Error (allocation.cpp:272), pid=16656, tid=0x0000000000003dc0
#
# JRE version: OpenJDK Runtime Environment (8.0_242-b01) (build 1.8.0_242-release-1644-b01)
# Java VM: OpenJDK 64-Bit Server VM (25.242-b01 mixed mode windows-amd64 compressed oops)
# Failed to write core dump. Minidumps are not enabled by default on client versions of Windows
#

---------------  T H R E A D  ---------------

Current thread (0x0000000019ab5000):  JavaThread "C1 CompilerThread3" daemon [_thread_in_vm, id=15808, stack(0x000000001b410000,0x000000001b510000)]

Stack: [0x000000001b410000,0x000000001b510000]
[error occurred during error reporting (printing stack bounds), id 0xc0000005]

Native frames: (J=compiled Java code, j=interpreted, Vv=VM code, C=native code)


Current CompileTask:
C1:   2396 1932   !   3       org.jetbrains.kotlin.com.intellij.util.io.FileAccessorCache$Handle::release (48 bytes)


---------------  P R O C E S S  ---------------

Java Threads: ( => current thread )
  0x0000000019b46000 JavaThread "Service Thread" daemon [_thread_blocked, id=15620, stack(0x000000001b510000,0x000000001b610000)]
=>0x0000000019ab5000 JavaThread "C1 CompilerThread3" daemon [_thread_in_vm, id=15808, stack(0x000000001b410000,0x000000001b510000)]
  0x00000000183de800 JavaThread "C2 CompilerThread2" daemon [_thread_in_native, id=17032, stack(0x000000001b310000,0x000000001b410000)]
  0x00000000183dd800 JavaThread "C2 CompilerThread1" daemon [_thread_in_native, id=8028, stack(0x000000001b210000,0x000000001b310000)]
  0x0000000019aae000 JavaThread "C2 CompilerThread0" daemon [_thread_in_native, id=20760, stack(0x000000001b110000,0x000000001b210000)]
  0x0000000019aab800 JavaThread "Attach Listener" daemon [_thread_blocked, id=15812, stack(0x000000001b010000,0x000000001b110000)]
  0x0000000019aaa800 JavaThread "Signal Dispatcher" daemon [_thread_blocked, id=18276, stack(0x000000001af10000,0x000000001b010000)]
  0x00000000183d2800 JavaThread "Finalizer" daemon [_thread_blocked, id=3728, stack(0x000000001ad10000,0x000000001ae10000)]
  0x0000000019a93000 JavaThread "Reference Handler" daemon [_thread_blocked, id=4644, stack(0x000000001ac10000,0x000000001ad10000)]
  0x00000000030ce800 JavaThread "main" [_thread_in_Java, id=18380, stack(0x00000000030d0000,0x00000000031d0000)]

Other Threads:
  0x00000000183c6000 VMThread [stack: 0x000000001ab10000,0x000000001ac10000] [id=20832]
  0x0000000019b4f800 WatcherThread [stack: 0x000000001b610000,0x000000001b710000] [id=17472]

VM state:not at safepoint (normal execution)

VM Mutex/Monitor currently owned by a thread: None

heap address: 0x0000000082600000, size: 2010 MB, Compressed Oops mode: 32-bit
Narrow klass base: 0x0000000000000000, Narrow klass shift: 3
Compressed class space size: 1073741824 Address: 0x0000000100000000

Heap:
 PSYoungGen      total 70656K, used 44030K [0x00000000d6200000, 0x00000000dec00000, 0x0000000100000000)
  eden space 65536K, 67% used [0x00000000d6200000,0x00000000d8cff860,0x00000000da200000)
  from space 5120K, 0% used [0x00000000da200000,0x00000000da200000,0x00000000da700000)
  to   space 5120K, 0% used [0x00000000de700000,0x00000000de700000,0x00000000dec00000)
 ParOldGen       total 94720K, used 22338K [0x0000000082600000, 0x0000000088280000, 0x00000000d6200000)
  object space 94720K, 23% used [0x0000000082600000,0x0000000083bd09c0,0x0000000088280000)
 Metaspace       used 25160K, capacity 25734K, committed 25984K, reserved 1071104K
  class space    used 3200K, capacity 3378K, committed 3456K, reserved 1048576K

Card table byte_map: [0x0000000012690000,0x0000000012a80000] byte_map_base: 0x000000001227d000

Marking Bits: (ParMarkBitMap*) 0x000000005823f030
 Begin Bits: [0x0000000013720000, 0x0000000015688000)
 End Bits:   [0x0000000015688000, 0x00000000175f0000)

Polling page: 0x00000000017b0000

CodeCache: size=245760Kb used=5853Kb max_used=5853Kb free=239906Kb
 bounds [0x00000000032d0000, 0x0000000003890000, 0x00000000122d0000]
 total_blobs=2383 nmethods=1925 adapters=371
 compilation: enabled

Compilation events (10 events):
Event: 2.352 Thread 0x0000000019ab5000 nmethod 1927 0x0000000003888910 code [0x0000000003888aa0, 0x0000000003889148]
Event: 2.352 Thread 0x0000000019ab5000 1928       3       org.jetbrains.kotlin.com.intellij.util.containers.SLRUMap::get (68 bytes)
Event: 2.353 Thread 0x0000000019ab5000 nmethod 1928 0x0000000003889410 code [0x00000000038895e0, 0x0000000003889f28]
Event: 2.353 Thread 0x0000000019ab5000 1929       3       org.jetbrains.kotlin.com.intellij.openapi.util.io.FileAttributes::<init> (26 bytes)
Event: 2.353 Thread 0x0000000019ab5000 nmethod 1929 0x000000000388a210 code [0x000000000388a360, 0x000000000388a530]
Event: 2.353 Thread 0x0000000019ab5000 1930       1       org.jetbrains.kotlin.com.intellij.util.containers.hash.LinkedHashMap::size (5 bytes)
Event: 2.353 Thread 0x0000000019ab5000 nmethod 1930 0x000000000388a610 code [0x000000000388a760, 0x000000000388a870]
Event: 2.353 Thread 0x0000000019ab5000 1931       1       org.jetbrains.kotlin.com.intellij.util.containers.SLRUMap::access$200 (5 bytes)
Event: 2.353 Thread 0x0000000019ab5000 nmethod 1931 0x000000000388a8d0 code [0x000000000388aa20, 0x000000000388ab10]
Event: 2.393 Thread 0x0000000019ab5000 1932   !   3       org.jetbrains.kotlin.com.intellij.util.io.FileAccessorCache$Handle::release (48 bytes)

GC Heap History (8 events):
Event: 0.743 GC heap before
{Heap before GC invocations=1 (full 0):
 PSYoungGen      total 37888K, used 32768K [0x00000000d6200000, 0x00000000d8c00000, 0x0000000100000000)
  eden space 32768K, 100% used [0x00000000d6200000,0x00000000d8200000,0x00000000d8200000)
  from space 5120K, 0% used [0x00000000d8700000,0x00000000d8700000,0x00000000d8c00000)
  to   space 5120K, 0% used [0x00000000d8200000,0x00000000d8200000,0x00000000d8700000)
 ParOldGen       total 86016K, used 0K [0x0000000082600000, 0x0000000087a00000, 0x00000000d6200000)
  object space 86016K, 0% used [0x0000000082600000,0x0000000082600000,0x0000000087a00000)
 Metaspace       used 10160K, capacity 10314K, committed 10368K, reserved 1058816K
  class space    used 1073K, capacity 1147K, committed 1152K, reserved 1048576K
Event: 0.751 GC heap after
Heap after GC invocations=1 (full 0):
 PSYoungGen      total 37888K, used 5096K [0x00000000d6200000, 0x00000000dac00000, 0x0000000100000000)
  eden space 32768K, 0% used [0x00000000d6200000,0x00000000d6200000,0x00000000d8200000)
  from space 5120K, 99% used [0x00000000d8200000,0x00000000d86fa178,0x00000000d8700000)
  to   space 5120K, 0% used [0x00000000da700000,0x00000000da700000,0x00000000dac00000)
 ParOldGen       total 86016K, used 2413K [0x0000000082600000, 0x0000000087a00000, 0x00000000d6200000)
  object space 86016K, 2% used [0x0000000082600000,0x000000008285b4c0,0x0000000087a00000)
 Metaspace       used 10160K, capacity 10314K, committed 10368K, reserved 1058816K
  class space    used 1073K, capacity 1147K, committed 1152K, reserved 1048576K
}
Event: 1.283 GC heap before
{Heap before GC invocations=2 (full 0):
 PSYoungGen      total 37888K, used 37864K [0x00000000d6200000, 0x00000000dac00000, 0x0000000100000000)
  eden space 32768K, 100% used [0x00000000d6200000,0x00000000d8200000,0x00000000d8200000)
  from space 5120K, 99% used [0x00000000d8200000,0x00000000d86fa178,0x00000000d8700000)
  to   space 5120K, 0% used [0x00000000da700000,0x00000000da700000,0x00000000dac00000)
 ParOldGen       total 86016K, used 2413K [0x0000000082600000, 0x0000000087a00000, 0x00000000d6200000)
  object space 86016K, 2% used [0x0000000082600000,0x000000008285b4c0,0x0000000087a00000)
 Metaspace       used 15542K, capacity 15844K, committed 16000K, reserved 1062912K
  class space    used 1759K, capacity 1836K, committed 1920K, reserved 1048576K
Event: 1.291 GC heap after
Heap after GC invocations=2 (full 0):
 PSYoungGen      total 70656K, used 5108K [0x00000000d6200000, 0x00000000dac00000, 0x0000000100000000)
  eden space 65536K, 0% used [0x00000000d6200000,0x00000000d6200000,0x00000000da200000)
  from space 5120K, 99% used [0x00000000da700000,0x00000000dabfd3c8,0x00000000dac00000)
  to   space 5120K, 0% used [0x00000000da200000,0x00000000da200000,0x00000000da700000)
 ParOldGen       total 86016K, used 7118K [0x0000000082600000, 0x0000000087a00000, 0x00000000d6200000)
  object space 86016K, 8% used [0x0000000082600000,0x0000000082cf3be8,0x0000000087a00000)
 Metaspace       used 15542K, capacity 15844K, committed 16000K, reserved 1062912K
  class space    used 1759K, capacity 1836K, committed 1920K, reserved 1048576K
}
Event: 1.669 GC heap before
{Heap before GC invocations=3 (full 0):
 PSYoungGen      total 70656K, used 38654K [0x00000000d6200000, 0x00000000dac00000, 0x0000000100000000)
  eden space 65536K, 51% used [0x00000000d6200000,0x00000000d82c25a0,0x00000000da200000)
  from space 5120K, 99% used [0x00000000da700000,0x00000000dabfd3c8,0x00000000dac00000)
  to   space 5120K, 0% used [0x00000000da200000,0x00000000da200000,0x00000000da700000)
 ParOldGen       total 86016K, used 7118K [0x0000000082600000, 0x0000000087a00000, 0x00000000d6200000)
  object space 86016K, 8% used [0x0000000082600000,0x0000000082cf3be8,0x0000000087a00000)
 Metaspace       used 20663K, capacity 21082K, committed 21248K, reserved 1069056K
  class space    used 2358K, capacity 2491K, committed 2560K, reserved 1048576K
Event: 1.680 GC heap after
Heap after GC invocations=3 (full 0):
 PSYoungGen      total 70656K, used 5104K [0x00000000d6200000, 0x00000000dec00000, 0x0000000100000000)
  eden space 65536K, 0% used [0x00000000d6200000,0x00000000d6200000,0x00000000da200000)
  from space 5120K, 99% used [0x00000000da200000,0x00000000da6fc3b8,0x00000000da700000)
  to   space 5120K, 0% used [0x00000000de700000,0x00000000de700000,0x00000000dec00000)
 ParOldGen       total 86016K, used 24511K [0x0000000082600000, 0x0000000087a00000, 0x00000000d6200000)
  object space 86016K, 28% used [0x0000000082600000,0x0000000083defe48,0x0000000087a00000)
 Metaspace       used 20663K, capacity 21082K, committed 21248K, reserved 1069056K
  class space    used 2358K, capacity 2491K, committed 2560K, reserved 1048576K
}
Event: 1.680 GC heap before
{Heap before GC invocations=4 (full 1):
 PSYoungGen      total 70656K, used 5104K [0x00000000d6200000, 0x00000000dec00000, 0x0000000100000000)
  eden space 65536K, 0% used [0x00000000d6200000,0x00000000d6200000,0x00000000da200000)
  from space 5120K, 99% used [0x00000000da200000,0x00000000da6fc3b8,0x00000000da700000)
  to   space 5120K, 0% used [0x00000000de700000,0x00000000de700000,0x00000000dec00000)
 ParOldGen       total 86016K, used 24511K [0x0000000082600000, 0x0000000087a00000, 0x00000000d6200000)
  object space 86016K, 28% used [0x0000000082600000,0x0000000083defe48,0x0000000087a00000)
 Metaspace       used 20663K, capacity 21082K, committed 21248K, reserved 1069056K
  class space    used 2358K, capacity 2491K, committed 2560K, reserved 1048576K
Event: 1.733 GC heap after
Heap after GC invocations=4 (full 1):
 PSYoungGen      total 70656K, used 0K [0x00000000d6200000, 0x00000000dec00000, 0x0000000100000000)
  eden space 65536K, 0% used [0x00000000d6200000,0x00000000d6200000,0x00000000da200000)
  from space 5120K, 0% used [0x00000000da200000,0x00000000da200000,0x00000000da700000)
  to   space 5120K, 0% used [0x00000000de700000,0x00000000de700000,0x00000000dec00000)
 ParOldGen       total 94720K, used 22338K [0x0000000082600000, 0x0000000088280000, 0x00000000d6200000)
  object space 94720K, 23% used [0x0000000082600000,0x0000000083bd09c0,0x0000000088280000)
 Metaspace       used 20663K, capacity 21082K, committed 21248K, reserved 1069056K
  class space    used 2358K, capacity 2491K, committed 2560K, reserved 1048576K
}

Deoptimization events (10 events):
Event: 1.461 Thread 0x00000000030ce800 Uncommon trap: reason=unstable_if action=reinterpret pc=0x00000000034fe9a0 method=sun.misc.MetaIndex.mayContain(Ljava/lang/String;)Z @ 38
Event: 1.461 Thread 0x00000000030ce800 Uncommon trap: reason=unstable_if action=reinterpret pc=0x00000000037261e8 method=sun.misc.MetaIndex.mayContain(Ljava/lang/String;)Z @ 38
Event: 1.509 Thread 0x00000000030ce800 Uncommon trap: reason=unstable_if action=reinterpret pc=0x000000000377f59c method=java.util.Arrays.equals([B[B)Z @ 2
Event: 1.528 Thread 0x00000000030ce800 Uncommon trap: reason=class_check action=maybe_recompile pc=0x000000000375e3b4 method=java.util.zip.InflaterInputStream.read([BII)I @ 100
Event: 1.566 Thread 0x00000000030ce800 Uncommon trap: reason=unstable_if action=reinterpret pc=0x000000000377dfe8 method=java.util.Arrays.hashCode([B)I @ 1
Event: 1.583 Thread 0x00000000030ce800 Uncommon trap: reason=unstable_if action=reinterpret pc=0x000000000378440c method=com.sun.nio.zipfs.ZipFileSystem.getParent([B)[B @ 21
Event: 1.583 Thread 0x00000000030ce800 Uncommon trap: reason=unstable_if action=reinterpret pc=0x0000000003784c10 method=java.util.Arrays.equals([B[B)Z @ 2
Event: 1.594 Thread 0x00000000030ce800 Uncommon trap: reason=class_check action=maybe_recompile pc=0x000000000375e3b4 method=java.util.zip.InflaterInputStream.read([BII)I @ 100
Event: 1.765 Thread 0x00000000030ce800 Uncommon trap: reason=unstable_if action=reinterpret pc=0x0000000003483a08 method=java.lang.String.startsWith(Ljava/lang/String;I)Z @ 25
Event: 2.129 Thread 0x00000000030ce800 Uncommon trap: reason=unstable_if action=reinterpret pc=0x000000000382c598 method=org.jetbrains.kotlin.com.intellij.openapi.vfs.impl.ZipEntryMap.isTheOne(Lorg/jetbrains/kotlin/com/intellij/openapi/vfs/impl/ArchiveHandler$EntryInfo;Ljava/lang/CharSequence;

Classes redefined (0 events):
No events

Internal exceptions (10 events):
Event: 0.485 Thread 0x00000000030ce800 Exception <a 'java/security/PrivilegedActionException'> (0x00000000d724e2b8) thrown at [C:\src\AOSP-openjdk-git\hotspot\src\share\vm\prims\jvm.cpp, line 1502]
Event: 0.485 Thread 0x00000000030ce800 Exception <a 'java/security/PrivilegedActionException'> (0x00000000d724e6b0) thrown at [C:\src\AOSP-openjdk-git\hotspot\src\share\vm\prims\jvm.cpp, line 1502]
Event: 0.718 Thread 0x00000000030ce800 Exception <a 'java/lang/ArrayIndexOutOfBoundsException'> (0x00000000d8061a90) thrown at [C:\src\AOSP-openjdk-git\hotspot\src\share\vm\runtime\sharedRuntime.cpp, line 605]
Event: 0.907 Thread 0x00000000030ce800 Exception <a 'java/lang/ArrayIndexOutOfBoundsException'> (0x00000000d6ad6038) thrown at [C:\src\AOSP-openjdk-git\hotspot\src\share\vm\runtime\sharedRuntime.cpp, line 605]
Event: 1.387 Thread 0x00000000030ce800 Exception <a 'java/lang/NoSuchMethodError': java.lang.Object.lambda$static$0()J> (0x00000000d68d9ac0) thrown at [C:\src\AOSP-openjdk-git\hotspot\src\share\vm\interpreter\linkResolver.cpp, line 620]
Event: 1.566 Thread 0x00000000030ce800 Implicit null exception at 0x000000000377de53 to 0x000000000377dfce
Event: 1.643 Thread 0x00000000030ce800 Exception <a 'java/lang/NoSuchMethodError': java.lang.Object.lambda$static$0(I)[Lorg/jetbrains/kotlin/com/intellij/openapi/editor/event/DocumentListener;> (0x00000000d804eed8) thrown at [C:\src\AOSP-openjdk-git\hotspot\src\share\vm\interpreter\linkResolve
Event: 1.744 Thread 0x00000000030ce800 Exception <a 'java/lang/NoSuchMethodError': java.lang.Object.lambda$static$0(I)[Lorg/jetbrains/kotlin/com/intellij/psi/PsiAnnotation;> (0x00000000d6242db8) thrown at [C:\src\AOSP-openjdk-git\hotspot\src\share\vm\interpreter\linkResolver.cpp, line 620]
Event: 1.852 Thread 0x00000000030ce800 Exception <a 'java/lang/NoSuchMethodError': java.lang.Object.lambda$static$0(I)[Lorg/jetbrains/kotlin/com/intellij/psi/PsiElement;> (0x00000000d68d9a40) thrown at [C:\src\AOSP-openjdk-git\hotspot\src\share\vm\interpreter\linkResolver.cpp, line 620]
Event: 1.895 Thread 0x00000000030ce800 Exception <a 'java/lang/NoSuchMethodError': java.lang.Object.lambda$comparing$77a9974f$1(Ljava/util/function/Function;Ljava/lang/Object;Ljava/lang/Object;)I> (0x00000000d6aa4658) thrown at [C:\src\AOSP-openjdk-git\hotspot\src\share\vm\interpreter\linkReso

Events (10 events):
Event: 2.129 Thread 0x00000000030ce800 DEOPT PACKING pc=0x000000000382c598 sp=0x00000000031ce010
Event: 2.129 Thread 0x00000000030ce800 DEOPT UNPACKING pc=0x000000000331557b sp=0x00000000031cdfc8 mode 2
Event: 2.284 loading class java/time/Instant
Event: 2.284 loading class java/time/temporal/Temporal
Event: 2.285 loading class java/time/temporal/TemporalAccessor
Event: 2.285 loading class java/time/temporal/TemporalAccessor done
Event: 2.285 loading class java/time/temporal/Temporal done
Event: 2.285 loading class java/time/temporal/TemporalAdjuster
Event: 2.285 loading class java/time/temporal/TemporalAdjuster done
Event: 2.285 loading class java/time/Instant done


Dynamic libraries:
0x00007ff72fde0000 - 0x00007ff72fe11000 	D:\Android\jre\jre\bin\java.exe
0x00007ffc019f0000 - 0x00007ffc01be6000 	C:\WINDOWS\SYSTEM32\ntdll.dll
0x00007ffbfffe0000 - 0x00007ffc0009d000 	C:\WINDOWS\System32\KERNEL32.DLL
0x00007ffbff210000 - 0x00007ffbff4d9000 	C:\WINDOWS\System32\KERNELBASE.dll
0x00007ffc000a0000 - 0x00007ffc0014c000 	C:\WINDOWS\System32\ADVAPI32.dll
0x00007ffc004d0000 - 0x00007ffc0056e000 	C:\WINDOWS\System32\msvcrt.dll
0x00007ffc00890000 - 0x00007ffc0092c000 	C:\WINDOWS\System32\sechost.dll
0x00007ffc00620000 - 0x00007ffc0074b000 	C:\WINDOWS\System32\RPCRT4.dll
0x00007ffc01600000 - 0x00007ffc017a0000 	C:\WINDOWS\System32\USER32.dll
0x00007ffbff5f0000 - 0x00007ffbff612000 	C:\WINDOWS\System32\win32u.dll
0x00007ffc014b0000 - 0x00007ffc014da000 	C:\WINDOWS\System32\GDI32.dll
0x00007ffbff4e0000 - 0x00007ffbff5eb000 	C:\WINDOWS\System32\gdi32full.dll
0x00007ffbff7f0000 - 0x00007ffbff88d000 	C:\WINDOWS\System32\msvcp_win.dll
0x00007ffbff620000 - 0x00007ffbff720000 	C:\WINDOWS\System32\ucrtbase.dll
0x00007ffbee680000 - 0x00007ffbee91b000 	C:\WINDOWS\WinSxS\amd64_microsoft.windows.common-controls_6595b64144ccf1df_6.0.19041.746_none_ca02b4b61b8320a4\COMCTL32.dll
0x00007ffbfff20000 - 0x00007ffbfff50000 	C:\WINDOWS\System32\IMM32.DLL
0x0000000056f20000 - 0x0000000056ff2000 	D:\Android\jre\jre\bin\msvcr100.dll
0x0000000057a70000 - 0x00000000582bb000 	D:\Android\jre\jre\bin\server\jvm.dll
0x00007ffc00150000 - 0x00007ffc00158000 	C:\WINDOWS\System32\PSAPI.DLL
0x00007ffbf5850000 - 0x00007ffbf5877000 	C:\WINDOWS\SYSTEM32\WINMM.dll
0x00007ffbf0420000 - 0x00007ffbf0429000 	C:\WINDOWS\SYSTEM32\WSOCK32.dll
0x00007ffbfa7d0000 - 0x00007ffbfa7da000 	C:\WINDOWS\SYSTEM32\VERSION.dll
0x00007ffc00a00000 - 0x00007ffc00a6b000 	C:\WINDOWS\System32\WS2_32.dll
0x00007ffbf6dd0000 - 0x00007ffbf6ddf000 	D:\Android\jre\jre\bin\verify.dll
0x00007ffbce870000 - 0x00007ffbce899000 	D:\Android\jre\jre\bin\java.dll
0x00007ffbd44a0000 - 0x00007ffbd44b6000 	D:\Android\jre\jre\bin\zip.dll
0x00007ffc00d00000 - 0x00007ffc01442000 	C:\WINDOWS\System32\SHELL32.dll
0x00007ffbfd280000 - 0x00007ffbfda10000 	C:\WINDOWS\SYSTEM32\windows.storage.dll
0x00007ffc00160000 - 0x00007ffc004b6000 	C:\WINDOWS\System32\combase.dll
0x00007ffbfeb90000 - 0x00007ffbfebbc000 	C:\WINDOWS\SYSTEM32\Wldp.dll
0x00007ffc017a0000 - 0x00007ffc0184e000 	C:\WINDOWS\System32\SHCORE.dll
0x00007ffc00a70000 - 0x00007ffc00ac5000 	C:\WINDOWS\System32\shlwapi.dll
0x00007ffbff060000 - 0x00007ffbff086000 	C:\WINDOWS\SYSTEM32\profapi.dll
0x00007ffbe1850000 - 0x00007ffbe186a000 	D:\Android\jre\jre\bin\net.dll
0x00007ffbfe8a0000 - 0x00007ffbfe90a000 	C:\WINDOWS\system32\mswsock.dll
0x00007ffbd2410000 - 0x00007ffbd2423000 	D:\Android\jre\jre\bin\nio.dll

VM Arguments:
java_command: org.jetbrains.kotlin.cli.jvm.K2JVMCompiler @C:\Users\sp771\AndroidStudioProjects\Notice-Board\app\build\20210310_976698345402285932.compiler.options
java_class_path (initial): C:\Users\sp771\.gradle\native\gradle-6.5\caches\modules-2\files-2.1\org.jetbrains.kotlin\kotlin-compiler-embeddable\1.4.30\320bc62a2dfa19a24bc1613894ae0eabc909052c\kotlin-compiler-embeddable-1.4.30.jar;C:\Users\sp771\.gradle\native\gradle-6.5\caches\modules-2\files-2.1\org.jetbrains.kotlin\kotlin-reflect\1.4.30\a9116fbe28a0514671787df95133f28e65fdac25\kotlin-reflect-1.4.30.jar;C:\Users\sp771\.gradle\native\gradle-6.5\caches\modules-2\files-2.1\org.jetbrains.kotlin\kotlin-stdlib\1.4.30\d10d1e10f47006ee08162dde039e38ac487de4ac\kotlin-stdlib-1.4.30.jar;C:\Users\sp771\.gradle\native\gradle-6.5\caches\modules-2\files-2.1\org.jetbrains.kotlin\kotlin-script-runtime\1.4.30\b9c2a1fab9217623fc0fbadf6190e77eed6f054d\kotlin-script-runtime-1.4.30.jar;C:\Users\sp771\.gradle\native\gradle-6.5\caches\modules-2\files-2.1\org.jetbrains.kotlin\kotlin-daemon-embeddable\1.4.30\bc024798c5378570ded42ffe3db82ca8ac86dabc\kotlin-daemon-embeddable-1.4.30.jar;C:\Users\sp771\.gradle\native\gradle-6.5\caches\modules-2\files-2.1\org.jetbrains.intellij.deps\trove4j\1.0.20181211\216c2e14b070f334479d800987affe4054cd563f\trove4j-1.0.20181211.jar;C:\Users\sp771\.gradle\native\gradle-6.5\caches\modules-2\files-2.1\org.jetbrains.kotlin\kotlin-stdlib-common\1.4.30\bb9a3173350f55732416ee27956ea8f9b81f4dbb\kotlin-stdlib-common-1.4.30.jar;C:\Users\sp771\.gradle\native\gradle-6.5\caches\modules-2\files-2.1\org.jetbrains\annotations\13.0\919f0dfe192fb4e063e7dacadee7f8bb9a2672a9\annotations-13.0.jar;D:\Android\jre\lib\tools.jar
Launcher Type: SUN_STANDARD

Environment Variables:
PATH=C:\Program Files (x86)\Common Files\Intel\Shared Libraries\redist\intel64\compiler;C:\Program Files (x86)\Intel\Intel(R) Management Engine Components\iCLS\;C:\Program Files\Intel\Intel(R) Management Engine Components\iCLS\;C:\Windows\system32;C:\Windows;C:\Windows\System32\Wbem;C:\Windows\System32\WindowsPowerShell\v1.0\;C:\Program Files (x86)\Intel\Intel(R) Management Engine Components\DAL;C:\Program Files\Intel\Intel(R) Management Engine Components\DAL;C:\Program Files (x86)\Intel\Intel(R) Management Engine Components\IPT;C:\Program Files\Intel\Intel(R) Management Engine Components\IPT;C:\Program Files (x86)\NVIDIA Corporation\PhysX\Common;C:\Program Files\Intel\WiFi\bin\;C:\Program Files\Common Files\Intel\WirelessCommon\;C:\WINDOWS\system32;C:\WINDOWS;C:\WINDOWS\System32\Wbem;C:\WINDOWS\System32\WindowsPowerShell\v1.0\;C:\WINDOWS\System32\OpenSSH\;C:\Program Files\NVIDIA Corporation\NVIDIA NvDLISR;C:\Program Files (x86)\Microsoft SQL Server\100\Tools\Binn\;C:\Program Files\Microsoft SQL Server\100\Tools\Binn\;C:\Program Files\Microsoft SQL Server\100\DTS\Binn\;D:\Git\cmd;C:\Users\sp771\AppData\Local\Microsoft\WindowsApps;
USERNAME=sp771
OS=Windows_NT
PROCESSOR_IDENTIFIER=Intel64 Family 6 Model 158 Stepping 10, GenuineIntel



---------------  S Y S T E M  ---------------

OS: Windows 10.0 , 64 bit Build 19041 (10.0.19041.804)

CPU:total 12 (initial active 12) (6 cores per cpu, 2 threads per core) family 6 model 158 stepping 10, cmov, cx8, fxsr, mmx, sse, sse2, sse3, ssse3, sse4.1, sse4.2, popcnt, avx, avx2, aes, clmul, erms, 3dnowpref, lzcnt, ht, tsc, tscinvbit, bmi1, bmi2, adx

Memory: 4k page, physical 8227124k(454572k free), swap 23709360k(5148k free)

vm_info: OpenJDK 64-Bit Server VM (25.242-b01) for windows-amd64 JRE (1.8.0_242-release-1644-b01), built by "builder" with MS VC++ 10.0 (VS2010)

time: Wed Mar 10 08:29:56 2021
timezone: India Standard Time
elapsed time: 2 seconds (0d 0h 0m 2s)

